CRITICAL - 2021-01-03 06:58:04 --> syntax error, unexpected '}', expecting end of file
#0 D:\xampp\htdocs\tubes\CourseOnline\vendor\codeigniter4\framework\system\Common.php(1119): CodeIgniter\View\View->render('user/keranjang', Array, true)
#1 D:\xampp\htdocs\tubes\CourseOnline\app\Controllers\Page.php(47): view('user/keranjang')
#2 D:\xampp\htdocs\tubes\CourseOnline\vendor\codeigniter4\framework\system\CodeIgniter.php(918): App\Controllers\Page->keranjang()
#3 D:\xampp\htdocs\tubes\CourseOnline\vendor\codeigniter4\framework\system\CodeIgniter.php(404): CodeIgniter\CodeIgniter->runController(Object(App\Controllers\Page))
#4 D:\xampp\htdocs\tubes\CourseOnline\vendor\codeigniter4\framework\system\CodeIgniter.php(312): CodeIgniter\CodeIgniter->handleRequest(NULL, Object(Config\Cache), false)
#5 D:\xampp\htdocs\tubes\CourseOnline\public\index.php(45): CodeIgniter\CodeIgniter->run()
#6 D:\xampp\htdocs\tubes\CourseOnline\vendor\codeigniter4\framework\system\Commands\Server\rewrite.php(34): require_once('D:\\xampp\\htdocs...')
#7 {main}
CRITICAL - 2021-01-03 06:58:53 --> Undefined variable: a
#0 D:\xampp\htdocs\tubes\CourseOnline\app\Views\user\keranjang.php(47): CodeIgniter\Debug\Exceptions->errorHandler(8, 'Undefined varia...', 'D:\\xampp\\htdocs...', 47, Array)
#1 D:\xampp\htdocs\tubes\CourseOnline\vendor\codeigniter4\framework\system\View\View.php(246): include('D:\\xampp\\htdocs...')
#2 D:\xampp\htdocs\tubes\CourseOnline\vendor\codeigniter4\framework\system\Common.php(1119): CodeIgniter\View\View->render('user/keranjang', Array, true)
#3 D:\xampp\htdocs\tubes\CourseOnline\app\Controllers\Page.php(47): view('user/keranjang')
#4 D:\xampp\htdocs\tubes\CourseOnline\vendor\codeigniter4\framework\system\CodeIgniter.php(918): App\Controllers\Page->keranjang()
#5 D:\xampp\htdocs\tubes\CourseOnline\vendor\codeigniter4\framework\system\CodeIgniter.php(404): CodeIgniter\CodeIgniter->runController(Object(App\Controllers\Page))
#6 D:\xampp\htdocs\tubes\CourseOnline\vendor\codeigniter4\framework\system\CodeIgniter.php(312): CodeIgniter\CodeIgniter->handleRequest(NULL, Object(Config\Cache), false)
#7 D:\xampp\htdocs\tubes\CourseOnline\public\index.php(45): CodeIgniter\CodeIgniter->run()
#8 D:\xampp\htdocs\tubes\CourseOnline\vendor\codeigniter4\framework\system\Commands\Server\rewrite.php(34): require_once('D:\\xampp\\htdocs...')
#9 {main}
CRITICAL - 2021-01-03 06:59:28 --> Undefined variable: item
#0 D:\xampp\htdocs\tubes\CourseOnline\app\Views\user\keranjang.php(52): CodeIgniter\Debug\Exceptions->errorHandler(8, 'Undefined varia...', 'D:\\xampp\\htdocs...', 52, Array)
#1 D:\xampp\htdocs\tubes\CourseOnline\vendor\codeigniter4\framework\system\View\View.php(246): include('D:\\xampp\\htdocs...')
#2 D:\xampp\htdocs\tubes\CourseOnline\vendor\codeigniter4\framework\system\Common.php(1119): CodeIgniter\View\View->render('user/keranjang', Array, true)
#3 D:\xampp\htdocs\tubes\CourseOnline\app\Controllers\Page.php(47): view('user/keranjang')
#4 D:\xampp\htdocs\tubes\CourseOnline\vendor\codeigniter4\framework\system\CodeIgniter.php(918): App\Controllers\Page->keranjang()
#5 D:\xampp\htdocs\tubes\CourseOnline\vendor\codeigniter4\framework\system\CodeIgniter.php(404): CodeIgniter\CodeIgniter->runController(Object(App\Controllers\Page))
#6 D:\xampp\htdocs\tubes\CourseOnline\vendor\codeigniter4\framework\system\CodeIgniter.php(312): CodeIgniter\CodeIgniter->handleRequest(NULL, Object(Config\Cache), false)
#7 D:\xampp\htdocs\tubes\CourseOnline\public\index.php(45): CodeIgniter\CodeIgniter->run()
#8 D:\xampp\htdocs\tubes\CourseOnline\vendor\codeigniter4\framework\system\Commands\Server\rewrite.php(34): require_once('D:\\xampp\\htdocs...')
#9 {main}
