CRITICAL - 2021-01-04 02:58:33 --> Call to undefined function set_value()
#0 D:\xampp\htdocs\tubes\CourseOnline\vendor\codeigniter4\framework\system\View\View.php(246): include()
#1 D:\xampp\htdocs\tubes\CourseOnline\vendor\codeigniter4\framework\system\Common.php(1119): CodeIgniter\View\View->render('Admin/tamkelas', Array, true)
#2 D:\xampp\htdocs\tubes\CourseOnline\app\Controllers\Page.php(29): view('Admin/tamkelas')
#3 D:\xampp\htdocs\tubes\CourseOnline\vendor\codeigniter4\framework\system\CodeIgniter.php(918): App\Controllers\Page->tamkelas()
#4 D:\xampp\htdocs\tubes\CourseOnline\vendor\codeigniter4\framework\system\CodeIgniter.php(404): CodeIgniter\CodeIgniter->runController(Object(App\Controllers\Page))
#5 D:\xampp\htdocs\tubes\CourseOnline\vendor\codeigniter4\framework\system\CodeIgniter.php(312): CodeIgniter\CodeIgniter->handleRequest(NULL, Object(Config\Cache), false)
#6 D:\xampp\htdocs\tubes\CourseOnline\public\index.php(45): CodeIgniter\CodeIgniter->run()
#7 D:\xampp\htdocs\tubes\CourseOnline\vendor\codeigniter4\framework\system\Commands\Server\rewrite.php(34): require_once('D:\\xampp\\htdocs...')
#8 {main}
CRITICAL - 2021-01-04 02:58:45 --> Call to undefined function set_value()
#0 D:\xampp\htdocs\tubes\CourseOnline\vendor\codeigniter4\framework\system\View\View.php(246): include()
#1 D:\xampp\htdocs\tubes\CourseOnline\vendor\codeigniter4\framework\system\Common.php(1119): CodeIgniter\View\View->render('Admin/tamkelas', Array, true)
#2 D:\xampp\htdocs\tubes\CourseOnline\app\Controllers\Page.php(29): view('Admin/tamkelas')
#3 D:\xampp\htdocs\tubes\CourseOnline\vendor\codeigniter4\framework\system\CodeIgniter.php(918): App\Controllers\Page->tamkelas()
#4 D:\xampp\htdocs\tubes\CourseOnline\vendor\codeigniter4\framework\system\CodeIgniter.php(404): CodeIgniter\CodeIgniter->runController(Object(App\Controllers\Page))
#5 D:\xampp\htdocs\tubes\CourseOnline\vendor\codeigniter4\framework\system\CodeIgniter.php(312): CodeIgniter\CodeIgniter->handleRequest(NULL, Object(Config\Cache), false)
#6 D:\xampp\htdocs\tubes\CourseOnline\public\index.php(45): CodeIgniter\CodeIgniter->run()
#7 D:\xampp\htdocs\tubes\CourseOnline\vendor\codeigniter4\framework\system\Commands\Server\rewrite.php(34): require_once('D:\\xampp\\htdocs...')
#8 {main}
