CRITICAL - 2020-11-21 03:36:48 --> Invalid argument supplied for foreach()
#0 D:\xampp\htdocs\tucil\TucilWeb\app\Views\page\detail.php(26): CodeIgniter\Debug\Exceptions->errorHandler(2, 'Invalid argumen...', 'D:\\xampp\\htdocs...', 26, Array)
#1 D:\xampp\htdocs\tucil\TucilWeb\vendor\codeigniter4\framework\system\View\View.php(246): include('D:\\xampp\\htdocs...')
#2 D:\xampp\htdocs\tucil\TucilWeb\vendor\codeigniter4\framework\system\Common.php(1119): CodeIgniter\View\View->render('page/detail', Array, true)
#3 D:\xampp\htdocs\tucil\TucilWeb\app\Controllers\Page.php(34): view('page/detail')
#4 D:\xampp\htdocs\tucil\TucilWeb\vendor\codeigniter4\framework\system\CodeIgniter.php(918): App\Controllers\Page->detail()
#5 D:\xampp\htdocs\tucil\TucilWeb\vendor\codeigniter4\framework\system\CodeIgniter.php(404): CodeIgniter\CodeIgniter->runController(Object(App\Controllers\Page))
#6 D:\xampp\htdocs\tucil\TucilWeb\vendor\codeigniter4\framework\system\CodeIgniter.php(312): CodeIgniter\CodeIgniter->handleRequest(NULL, Object(Config\Cache), false)
#7 D:\xampp\htdocs\tucil\TucilWeb\public\index.php(45): CodeIgniter\CodeIgniter->run()
#8 D:\xampp\htdocs\tucil\TucilWeb\vendor\codeigniter4\framework\system\Commands\Server\rewrite.php(34): require_once('D:\\xampp\\htdocs...')
#9 {main}
CRITICAL - 2020-11-21 03:36:54 --> Invalid argument supplied for foreach()
#0 D:\xampp\htdocs\tucil\TucilWeb\app\Views\page\detail.php(26): CodeIgniter\Debug\Exceptions->errorHandler(2, 'Invalid argumen...', 'D:\\xampp\\htdocs...', 26, Array)
#1 D:\xampp\htdocs\tucil\TucilWeb\vendor\codeigniter4\framework\system\View\View.php(246): include('D:\\xampp\\htdocs...')
#2 D:\xampp\htdocs\tucil\TucilWeb\vendor\codeigniter4\framework\system\Common.php(1119): CodeIgniter\View\View->render('page/detail', Array, true)
#3 D:\xampp\htdocs\tucil\TucilWeb\app\Controllers\Page.php(34): view('page/detail')
#4 D:\xampp\htdocs\tucil\TucilWeb\vendor\codeigniter4\framework\system\CodeIgniter.php(918): App\Controllers\Page->detail()
#5 D:\xampp\htdocs\tucil\TucilWeb\vendor\codeigniter4\framework\system\CodeIgniter.php(404): CodeIgniter\CodeIgniter->runController(Object(App\Controllers\Page))
#6 D:\xampp\htdocs\tucil\TucilWeb\vendor\codeigniter4\framework\system\CodeIgniter.php(312): CodeIgniter\CodeIgniter->handleRequest(NULL, Object(Config\Cache), false)
#7 D:\xampp\htdocs\tucil\TucilWeb\public\index.php(45): CodeIgniter\CodeIgniter->run()
#8 D:\xampp\htdocs\tucil\TucilWeb\vendor\codeigniter4\framework\system\Commands\Server\rewrite.php(34): require_once('D:\\xampp\\htdocs...')
#9 {main}
CRITICAL - 2020-11-21 03:37:04 --> Invalid argument supplied for foreach()
#0 D:\xampp\htdocs\tucil\TucilWeb\app\Views\page\detail.php(26): CodeIgniter\Debug\Exceptions->errorHandler(2, 'Invalid argumen...', 'D:\\xampp\\htdocs...', 26, Array)
#1 D:\xampp\htdocs\tucil\TucilWeb\vendor\codeigniter4\framework\system\View\View.php(246): include('D:\\xampp\\htdocs...')
#2 D:\xampp\htdocs\tucil\TucilWeb\vendor\codeigniter4\framework\system\Common.php(1119): CodeIgniter\View\View->render('page/detail', Array, true)
#3 D:\xampp\htdocs\tucil\TucilWeb\app\Controllers\Page.php(34): view('page/detail')
#4 D:\xampp\htdocs\tucil\TucilWeb\vendor\codeigniter4\framework\system\CodeIgniter.php(918): App\Controllers\Page->detail()
#5 D:\xampp\htdocs\tucil\TucilWeb\vendor\codeigniter4\framework\system\CodeIgniter.php(404): CodeIgniter\CodeIgniter->runController(Object(App\Controllers\Page))
#6 D:\xampp\htdocs\tucil\TucilWeb\vendor\codeigniter4\framework\system\CodeIgniter.php(312): CodeIgniter\CodeIgniter->handleRequest(NULL, Object(Config\Cache), false)
#7 D:\xampp\htdocs\tucil\TucilWeb\public\index.php(45): CodeIgniter\CodeIgniter->run()
#8 D:\xampp\htdocs\tucil\TucilWeb\vendor\codeigniter4\framework\system\Commands\Server\rewrite.php(34): require_once('D:\\xampp\\htdocs...')
#9 {main}
CRITICAL - 2020-11-21 04:57:36 --> Invalid file: page/admin.php
#0 D:\xampp\htdocs\tucil\TucilWeb\vendor\codeigniter4\framework\system\View\View.php(228): CodeIgniter\Exceptions\FrameworkException::forInvalidFile('page/admin.php')
#1 D:\xampp\htdocs\tucil\TucilWeb\vendor\codeigniter4\framework\system\Common.php(1119): CodeIgniter\View\View->render('page/admin', Array, true)
#2 D:\xampp\htdocs\tucil\TucilWeb\app\Controllers\Page.php(24): view('page/admin')
#3 D:\xampp\htdocs\tucil\TucilWeb\vendor\codeigniter4\framework\system\CodeIgniter.php(918): App\Controllers\Page->admin()
#4 D:\xampp\htdocs\tucil\TucilWeb\vendor\codeigniter4\framework\system\CodeIgniter.php(404): CodeIgniter\CodeIgniter->runController(Object(App\Controllers\Page))
#5 D:\xampp\htdocs\tucil\TucilWeb\vendor\codeigniter4\framework\system\CodeIgniter.php(312): CodeIgniter\CodeIgniter->handleRequest(NULL, Object(Config\Cache), false)
#6 D:\xampp\htdocs\tucil\TucilWeb\public\index.php(45): CodeIgniter\CodeIgniter->run()
#7 D:\xampp\htdocs\tucil\TucilWeb\vendor\codeigniter4\framework\system\Commands\Server\rewrite.php(34): require_once('D:\\xampp\\htdocs...')
#8 {main}
CRITICAL - 2020-11-21 04:58:18 --> Invalid file: page/admin.php
#0 D:\xampp\htdocs\tucil\TucilWeb\vendor\codeigniter4\framework\system\View\View.php(228): CodeIgniter\Exceptions\FrameworkException::forInvalidFile('page/admin.php')
#1 D:\xampp\htdocs\tucil\TucilWeb\vendor\codeigniter4\framework\system\Common.php(1119): CodeIgniter\View\View->render('page/admin', Array, true)
#2 D:\xampp\htdocs\tucil\TucilWeb\app\Controllers\Page.php(24): view('page/admin')
#3 D:\xampp\htdocs\tucil\TucilWeb\vendor\codeigniter4\framework\system\CodeIgniter.php(918): App\Controllers\Page->admin()
#4 D:\xampp\htdocs\tucil\TucilWeb\vendor\codeigniter4\framework\system\CodeIgniter.php(404): CodeIgniter\CodeIgniter->runController(Object(App\Controllers\Page))
#5 D:\xampp\htdocs\tucil\TucilWeb\vendor\codeigniter4\framework\system\CodeIgniter.php(312): CodeIgniter\CodeIgniter->handleRequest(NULL, Object(Config\Cache), false)
#6 D:\xampp\htdocs\tucil\TucilWeb\public\index.php(45): CodeIgniter\CodeIgniter->run()
#7 D:\xampp\htdocs\tucil\TucilWeb\vendor\codeigniter4\framework\system\Commands\Server\rewrite.php(34): require_once('D:\\xampp\\htdocs...')
#8 {main}
CRITICAL - 2020-11-21 05:04:55 --> Invalid file: page/admin.php
#0 D:\xampp\htdocs\tucil\TucilWeb\vendor\codeigniter4\framework\system\View\View.php(228): CodeIgniter\Exceptions\FrameworkException::forInvalidFile('page/admin.php')
#1 D:\xampp\htdocs\tucil\TucilWeb\vendor\codeigniter4\framework\system\Common.php(1119): CodeIgniter\View\View->render('page/admin', Array, true)
#2 D:\xampp\htdocs\tucil\TucilWeb\app\Controllers\Page.php(24): view('page/admin')
#3 D:\xampp\htdocs\tucil\TucilWeb\vendor\codeigniter4\framework\system\CodeIgniter.php(918): App\Controllers\Page->admin()
#4 D:\xampp\htdocs\tucil\TucilWeb\vendor\codeigniter4\framework\system\CodeIgniter.php(404): CodeIgniter\CodeIgniter->runController(Object(App\Controllers\Page))
#5 D:\xampp\htdocs\tucil\TucilWeb\vendor\codeigniter4\framework\system\CodeIgniter.php(312): CodeIgniter\CodeIgniter->handleRequest(NULL, Object(Config\Cache), false)
#6 D:\xampp\htdocs\tucil\TucilWeb\public\index.php(45): CodeIgniter\CodeIgniter->run()
#7 D:\xampp\htdocs\tucil\TucilWeb\vendor\codeigniter4\framework\system\Commands\Server\rewrite.php(34): require_once('D:\\xampp\\htdocs...')
#8 {main}
CRITICAL - 2020-11-21 05:04:57 --> Invalid file: page/admin.php
#0 D:\xampp\htdocs\tucil\TucilWeb\vendor\codeigniter4\framework\system\View\View.php(228): CodeIgniter\Exceptions\FrameworkException::forInvalidFile('page/admin.php')
#1 D:\xampp\htdocs\tucil\TucilWeb\vendor\codeigniter4\framework\system\Common.php(1119): CodeIgniter\View\View->render('page/admin', Array, true)
#2 D:\xampp\htdocs\tucil\TucilWeb\app\Controllers\Page.php(24): view('page/admin')
#3 D:\xampp\htdocs\tucil\TucilWeb\vendor\codeigniter4\framework\system\CodeIgniter.php(918): App\Controllers\Page->admin()
#4 D:\xampp\htdocs\tucil\TucilWeb\vendor\codeigniter4\framework\system\CodeIgniter.php(404): CodeIgniter\CodeIgniter->runController(Object(App\Controllers\Page))
#5 D:\xampp\htdocs\tucil\TucilWeb\vendor\codeigniter4\framework\system\CodeIgniter.php(312): CodeIgniter\CodeIgniter->handleRequest(NULL, Object(Config\Cache), false)
#6 D:\xampp\htdocs\tucil\TucilWeb\public\index.php(45): CodeIgniter\CodeIgniter->run()
#7 D:\xampp\htdocs\tucil\TucilWeb\vendor\codeigniter4\framework\system\Commands\Server\rewrite.php(34): require_once('D:\\xampp\\htdocs...')
#8 {main}
CRITICAL - 2020-11-21 05:04:58 --> Invalid file: page/admin.php
#0 D:\xampp\htdocs\tucil\TucilWeb\vendor\codeigniter4\framework\system\View\View.php(228): CodeIgniter\Exceptions\FrameworkException::forInvalidFile('page/admin.php')
#1 D:\xampp\htdocs\tucil\TucilWeb\vendor\codeigniter4\framework\system\Common.php(1119): CodeIgniter\View\View->render('page/admin', Array, true)
#2 D:\xampp\htdocs\tucil\TucilWeb\app\Controllers\Page.php(24): view('page/admin')
#3 D:\xampp\htdocs\tucil\TucilWeb\vendor\codeigniter4\framework\system\CodeIgniter.php(918): App\Controllers\Page->admin()
#4 D:\xampp\htdocs\tucil\TucilWeb\vendor\codeigniter4\framework\system\CodeIgniter.php(404): CodeIgniter\CodeIgniter->runController(Object(App\Controllers\Page))
#5 D:\xampp\htdocs\tucil\TucilWeb\vendor\codeigniter4\framework\system\CodeIgniter.php(312): CodeIgniter\CodeIgniter->handleRequest(NULL, Object(Config\Cache), false)
#6 D:\xampp\htdocs\tucil\TucilWeb\public\index.php(45): CodeIgniter\CodeIgniter->run()
#7 D:\xampp\htdocs\tucil\TucilWeb\vendor\codeigniter4\framework\system\Commands\Server\rewrite.php(34): require_once('D:\\xampp\\htdocs...')
#8 {main}
CRITICAL - 2020-11-21 05:04:59 --> Invalid file: page/admin.php
#0 D:\xampp\htdocs\tucil\TucilWeb\vendor\codeigniter4\framework\system\View\View.php(228): CodeIgniter\Exceptions\FrameworkException::forInvalidFile('page/admin.php')
#1 D:\xampp\htdocs\tucil\TucilWeb\vendor\codeigniter4\framework\system\Common.php(1119): CodeIgniter\View\View->render('page/admin', Array, true)
#2 D:\xampp\htdocs\tucil\TucilWeb\app\Controllers\Page.php(24): view('page/admin')
#3 D:\xampp\htdocs\tucil\TucilWeb\vendor\codeigniter4\framework\system\CodeIgniter.php(918): App\Controllers\Page->admin()
#4 D:\xampp\htdocs\tucil\TucilWeb\vendor\codeigniter4\framework\system\CodeIgniter.php(404): CodeIgniter\CodeIgniter->runController(Object(App\Controllers\Page))
#5 D:\xampp\htdocs\tucil\TucilWeb\vendor\codeigniter4\framework\system\CodeIgniter.php(312): CodeIgniter\CodeIgniter->handleRequest(NULL, Object(Config\Cache), false)
#6 D:\xampp\htdocs\tucil\TucilWeb\public\index.php(45): CodeIgniter\CodeIgniter->run()
#7 D:\xampp\htdocs\tucil\TucilWeb\vendor\codeigniter4\framework\system\Commands\Server\rewrite.php(34): require_once('D:\\xampp\\htdocs...')
#8 {main}
CRITICAL - 2020-11-21 05:05:11 --> Invalid file: page/admin.php
#0 D:\xampp\htdocs\tucil\TucilWeb\vendor\codeigniter4\framework\system\View\View.php(228): CodeIgniter\Exceptions\FrameworkException::forInvalidFile('page/admin.php')
#1 D:\xampp\htdocs\tucil\TucilWeb\vendor\codeigniter4\framework\system\Common.php(1119): CodeIgniter\View\View->render('page/admin', Array, true)
#2 D:\xampp\htdocs\tucil\TucilWeb\app\Controllers\Page.php(24): view('page/admin')
#3 D:\xampp\htdocs\tucil\TucilWeb\vendor\codeigniter4\framework\system\CodeIgniter.php(918): App\Controllers\Page->admin()
#4 D:\xampp\htdocs\tucil\TucilWeb\vendor\codeigniter4\framework\system\CodeIgniter.php(404): CodeIgniter\CodeIgniter->runController(Object(App\Controllers\Page))
#5 D:\xampp\htdocs\tucil\TucilWeb\vendor\codeigniter4\framework\system\CodeIgniter.php(312): CodeIgniter\CodeIgniter->handleRequest(NULL, Object(Config\Cache), false)
#6 D:\xampp\htdocs\tucil\TucilWeb\public\index.php(45): CodeIgniter\CodeIgniter->run()
#7 D:\xampp\htdocs\tucil\TucilWeb\vendor\codeigniter4\framework\system\Commands\Server\rewrite.php(34): require_once('D:\\xampp\\htdocs...')
#8 {main}
CRITICAL - 2020-11-21 05:10:00 --> Invalid file: page/admin.php
#0 D:\xampp\htdocs\tucil\TucilWeb\vendor\codeigniter4\framework\system\View\View.php(228): CodeIgniter\Exceptions\FrameworkException::forInvalidFile('page/admin.php')
#1 D:\xampp\htdocs\tucil\TucilWeb\vendor\codeigniter4\framework\system\Common.php(1119): CodeIgniter\View\View->render('page/admin', Array, true)
#2 D:\xampp\htdocs\tucil\TucilWeb\app\Controllers\Page.php(24): view('page/admin')
#3 D:\xampp\htdocs\tucil\TucilWeb\vendor\codeigniter4\framework\system\CodeIgniter.php(918): App\Controllers\Page->admin()
#4 D:\xampp\htdocs\tucil\TucilWeb\vendor\codeigniter4\framework\system\CodeIgniter.php(404): CodeIgniter\CodeIgniter->runController(Object(App\Controllers\Page))
#5 D:\xampp\htdocs\tucil\TucilWeb\vendor\codeigniter4\framework\system\CodeIgniter.php(312): CodeIgniter\CodeIgniter->handleRequest(NULL, Object(Config\Cache), false)
#6 D:\xampp\htdocs\tucil\TucilWeb\public\index.php(45): CodeIgniter\CodeIgniter->run()
#7 D:\xampp\htdocs\tucil\TucilWeb\vendor\codeigniter4\framework\system\Commands\Server\rewrite.php(34): require_once('D:\\xampp\\htdocs...')
#8 {main}
CRITICAL - 2020-11-21 05:10:01 --> Invalid file: page/admin.php
#0 D:\xampp\htdocs\tucil\TucilWeb\vendor\codeigniter4\framework\system\View\View.php(228): CodeIgniter\Exceptions\FrameworkException::forInvalidFile('page/admin.php')
#1 D:\xampp\htdocs\tucil\TucilWeb\vendor\codeigniter4\framework\system\Common.php(1119): CodeIgniter\View\View->render('page/admin', Array, true)
#2 D:\xampp\htdocs\tucil\TucilWeb\app\Controllers\Page.php(24): view('page/admin')
#3 D:\xampp\htdocs\tucil\TucilWeb\vendor\codeigniter4\framework\system\CodeIgniter.php(918): App\Controllers\Page->admin()
#4 D:\xampp\htdocs\tucil\TucilWeb\vendor\codeigniter4\framework\system\CodeIgniter.php(404): CodeIgniter\CodeIgniter->runController(Object(App\Controllers\Page))
#5 D:\xampp\htdocs\tucil\TucilWeb\vendor\codeigniter4\framework\system\CodeIgniter.php(312): CodeIgniter\CodeIgniter->handleRequest(NULL, Object(Config\Cache), false)
#6 D:\xampp\htdocs\tucil\TucilWeb\public\index.php(45): CodeIgniter\CodeIgniter->run()
#7 D:\xampp\htdocs\tucil\TucilWeb\vendor\codeigniter4\framework\system\Commands\Server\rewrite.php(34): require_once('D:\\xampp\\htdocs...')
#8 {main}
CRITICAL - 2020-11-21 05:10:02 --> Invalid file: page/admin.php
#0 D:\xampp\htdocs\tucil\TucilWeb\vendor\codeigniter4\framework\system\View\View.php(228): CodeIgniter\Exceptions\FrameworkException::forInvalidFile('page/admin.php')
#1 D:\xampp\htdocs\tucil\TucilWeb\vendor\codeigniter4\framework\system\Common.php(1119): CodeIgniter\View\View->render('page/admin', Array, true)
#2 D:\xampp\htdocs\tucil\TucilWeb\app\Controllers\Page.php(24): view('page/admin')
#3 D:\xampp\htdocs\tucil\TucilWeb\vendor\codeigniter4\framework\system\CodeIgniter.php(918): App\Controllers\Page->admin()
#4 D:\xampp\htdocs\tucil\TucilWeb\vendor\codeigniter4\framework\system\CodeIgniter.php(404): CodeIgniter\CodeIgniter->runController(Object(App\Controllers\Page))
#5 D:\xampp\htdocs\tucil\TucilWeb\vendor\codeigniter4\framework\system\CodeIgniter.php(312): CodeIgniter\CodeIgniter->handleRequest(NULL, Object(Config\Cache), false)
#6 D:\xampp\htdocs\tucil\TucilWeb\public\index.php(45): CodeIgniter\CodeIgniter->run()
#7 D:\xampp\htdocs\tucil\TucilWeb\vendor\codeigniter4\framework\system\Commands\Server\rewrite.php(34): require_once('D:\\xampp\\htdocs...')
#8 {main}
CRITICAL - 2020-11-21 05:10:02 --> Invalid file: page/admin.php
#0 D:\xampp\htdocs\tucil\TucilWeb\vendor\codeigniter4\framework\system\View\View.php(228): CodeIgniter\Exceptions\FrameworkException::forInvalidFile('page/admin.php')
#1 D:\xampp\htdocs\tucil\TucilWeb\vendor\codeigniter4\framework\system\Common.php(1119): CodeIgniter\View\View->render('page/admin', Array, true)
#2 D:\xampp\htdocs\tucil\TucilWeb\app\Controllers\Page.php(24): view('page/admin')
#3 D:\xampp\htdocs\tucil\TucilWeb\vendor\codeigniter4\framework\system\CodeIgniter.php(918): App\Controllers\Page->admin()
#4 D:\xampp\htdocs\tucil\TucilWeb\vendor\codeigniter4\framework\system\CodeIgniter.php(404): CodeIgniter\CodeIgniter->runController(Object(App\Controllers\Page))
#5 D:\xampp\htdocs\tucil\TucilWeb\vendor\codeigniter4\framework\system\CodeIgniter.php(312): CodeIgniter\CodeIgniter->handleRequest(NULL, Object(Config\Cache), false)
#6 D:\xampp\htdocs\tucil\TucilWeb\public\index.php(45): CodeIgniter\CodeIgniter->run()
#7 D:\xampp\htdocs\tucil\TucilWeb\vendor\codeigniter4\framework\system\Commands\Server\rewrite.php(34): require_once('D:\\xampp\\htdocs...')
#8 {main}
CRITICAL - 2020-11-21 05:10:02 --> Invalid file: page/admin.php
#0 D:\xampp\htdocs\tucil\TucilWeb\vendor\codeigniter4\framework\system\View\View.php(228): CodeIgniter\Exceptions\FrameworkException::forInvalidFile('page/admin.php')
#1 D:\xampp\htdocs\tucil\TucilWeb\vendor\codeigniter4\framework\system\Common.php(1119): CodeIgniter\View\View->render('page/admin', Array, true)
#2 D:\xampp\htdocs\tucil\TucilWeb\app\Controllers\Page.php(24): view('page/admin')
#3 D:\xampp\htdocs\tucil\TucilWeb\vendor\codeigniter4\framework\system\CodeIgniter.php(918): App\Controllers\Page->admin()
#4 D:\xampp\htdocs\tucil\TucilWeb\vendor\codeigniter4\framework\system\CodeIgniter.php(404): CodeIgniter\CodeIgniter->runController(Object(App\Controllers\Page))
#5 D:\xampp\htdocs\tucil\TucilWeb\vendor\codeigniter4\framework\system\CodeIgniter.php(312): CodeIgniter\CodeIgniter->handleRequest(NULL, Object(Config\Cache), false)
#6 D:\xampp\htdocs\tucil\TucilWeb\public\index.php(45): CodeIgniter\CodeIgniter->run()
#7 D:\xampp\htdocs\tucil\TucilWeb\vendor\codeigniter4\framework\system\Commands\Server\rewrite.php(34): require_once('D:\\xampp\\htdocs...')
#8 {main}
CRITICAL - 2020-11-21 05:10:03 --> Invalid file: page/admin.php
#0 D:\xampp\htdocs\tucil\TucilWeb\vendor\codeigniter4\framework\system\View\View.php(228): CodeIgniter\Exceptions\FrameworkException::forInvalidFile('page/admin.php')
#1 D:\xampp\htdocs\tucil\TucilWeb\vendor\codeigniter4\framework\system\Common.php(1119): CodeIgniter\View\View->render('page/admin', Array, true)
#2 D:\xampp\htdocs\tucil\TucilWeb\app\Controllers\Page.php(24): view('page/admin')
#3 D:\xampp\htdocs\tucil\TucilWeb\vendor\codeigniter4\framework\system\CodeIgniter.php(918): App\Controllers\Page->admin()
#4 D:\xampp\htdocs\tucil\TucilWeb\vendor\codeigniter4\framework\system\CodeIgniter.php(404): CodeIgniter\CodeIgniter->runController(Object(App\Controllers\Page))
#5 D:\xampp\htdocs\tucil\TucilWeb\vendor\codeigniter4\framework\system\CodeIgniter.php(312): CodeIgniter\CodeIgniter->handleRequest(NULL, Object(Config\Cache), false)
#6 D:\xampp\htdocs\tucil\TucilWeb\public\index.php(45): CodeIgniter\CodeIgniter->run()
#7 D:\xampp\htdocs\tucil\TucilWeb\vendor\codeigniter4\framework\system\Commands\Server\rewrite.php(34): require_once('D:\\xampp\\htdocs...')
#8 {main}
CRITICAL - 2020-11-21 05:10:03 --> Invalid file: page/admin.php
#0 D:\xampp\htdocs\tucil\TucilWeb\vendor\codeigniter4\framework\system\View\View.php(228): CodeIgniter\Exceptions\FrameworkException::forInvalidFile('page/admin.php')
#1 D:\xampp\htdocs\tucil\TucilWeb\vendor\codeigniter4\framework\system\Common.php(1119): CodeIgniter\View\View->render('page/admin', Array, true)
#2 D:\xampp\htdocs\tucil\TucilWeb\app\Controllers\Page.php(24): view('page/admin')
#3 D:\xampp\htdocs\tucil\TucilWeb\vendor\codeigniter4\framework\system\CodeIgniter.php(918): App\Controllers\Page->admin()
#4 D:\xampp\htdocs\tucil\TucilWeb\vendor\codeigniter4\framework\system\CodeIgniter.php(404): CodeIgniter\CodeIgniter->runController(Object(App\Controllers\Page))
#5 D:\xampp\htdocs\tucil\TucilWeb\vendor\codeigniter4\framework\system\CodeIgniter.php(312): CodeIgniter\CodeIgniter->handleRequest(NULL, Object(Config\Cache), false)
#6 D:\xampp\htdocs\tucil\TucilWeb\public\index.php(45): CodeIgniter\CodeIgniter->run()
#7 D:\xampp\htdocs\tucil\TucilWeb\vendor\codeigniter4\framework\system\Commands\Server\rewrite.php(34): require_once('D:\\xampp\\htdocs...')
#8 {main}
CRITICAL - 2020-11-21 05:10:09 --> Invalid file: page/admin.php
#0 D:\xampp\htdocs\tucil\TucilWeb\vendor\codeigniter4\framework\system\View\View.php(228): CodeIgniter\Exceptions\FrameworkException::forInvalidFile('page/admin.php')
#1 D:\xampp\htdocs\tucil\TucilWeb\vendor\codeigniter4\framework\system\Common.php(1119): CodeIgniter\View\View->render('page/admin', Array, true)
#2 D:\xampp\htdocs\tucil\TucilWeb\app\Controllers\Page.php(24): view('page/admin')
#3 D:\xampp\htdocs\tucil\TucilWeb\vendor\codeigniter4\framework\system\CodeIgniter.php(918): App\Controllers\Page->admin()
#4 D:\xampp\htdocs\tucil\TucilWeb\vendor\codeigniter4\framework\system\CodeIgniter.php(404): CodeIgniter\CodeIgniter->runController(Object(App\Controllers\Page))
#5 D:\xampp\htdocs\tucil\TucilWeb\vendor\codeigniter4\framework\system\CodeIgniter.php(312): CodeIgniter\CodeIgniter->handleRequest(NULL, Object(Config\Cache), false)
#6 D:\xampp\htdocs\tucil\TucilWeb\public\index.php(45): CodeIgniter\CodeIgniter->run()
#7 D:\xampp\htdocs\tucil\TucilWeb\vendor\codeigniter4\framework\system\Commands\Server\rewrite.php(34): require_once('D:\\xampp\\htdocs...')
#8 {main}
CRITICAL - 2020-11-21 05:10:47 --> Invalid file: page/admin.php
#0 D:\xampp\htdocs\tucil\TucilWeb\vendor\codeigniter4\framework\system\View\View.php(228): CodeIgniter\Exceptions\FrameworkException::forInvalidFile('page/admin.php')
#1 D:\xampp\htdocs\tucil\TucilWeb\vendor\codeigniter4\framework\system\Common.php(1119): CodeIgniter\View\View->render('page/admin', Array, true)
#2 D:\xampp\htdocs\tucil\TucilWeb\app\Controllers\Page.php(24): view('page/admin')
#3 D:\xampp\htdocs\tucil\TucilWeb\vendor\codeigniter4\framework\system\CodeIgniter.php(918): App\Controllers\Page->admin()
#4 D:\xampp\htdocs\tucil\TucilWeb\vendor\codeigniter4\framework\system\CodeIgniter.php(404): CodeIgniter\CodeIgniter->runController(Object(App\Controllers\Page))
#5 D:\xampp\htdocs\tucil\TucilWeb\vendor\codeigniter4\framework\system\CodeIgniter.php(312): CodeIgniter\CodeIgniter->handleRequest(NULL, Object(Config\Cache), false)
#6 D:\xampp\htdocs\tucil\TucilWeb\public\index.php(45): CodeIgniter\CodeIgniter->run()
#7 D:\xampp\htdocs\tucil\TucilWeb\vendor\codeigniter4\framework\system\Commands\Server\rewrite.php(34): require_once('D:\\xampp\\htdocs...')
#8 {main}
CRITICAL - 2020-11-21 05:10:48 --> Invalid file: page/admin.php
#0 D:\xampp\htdocs\tucil\TucilWeb\vendor\codeigniter4\framework\system\View\View.php(228): CodeIgniter\Exceptions\FrameworkException::forInvalidFile('page/admin.php')
#1 D:\xampp\htdocs\tucil\TucilWeb\vendor\codeigniter4\framework\system\Common.php(1119): CodeIgniter\View\View->render('page/admin', Array, true)
#2 D:\xampp\htdocs\tucil\TucilWeb\app\Controllers\Page.php(24): view('page/admin')
#3 D:\xampp\htdocs\tucil\TucilWeb\vendor\codeigniter4\framework\system\CodeIgniter.php(918): App\Controllers\Page->admin()
#4 D:\xampp\htdocs\tucil\TucilWeb\vendor\codeigniter4\framework\system\CodeIgniter.php(404): CodeIgniter\CodeIgniter->runController(Object(App\Controllers\Page))
#5 D:\xampp\htdocs\tucil\TucilWeb\vendor\codeigniter4\framework\system\CodeIgniter.php(312): CodeIgniter\CodeIgniter->handleRequest(NULL, Object(Config\Cache), false)
#6 D:\xampp\htdocs\tucil\TucilWeb\public\index.php(45): CodeIgniter\CodeIgniter->run()
#7 D:\xampp\htdocs\tucil\TucilWeb\vendor\codeigniter4\framework\system\Commands\Server\rewrite.php(34): require_once('D:\\xampp\\htdocs...')
#8 {main}
CRITICAL - 2020-11-21 05:10:51 --> Invalid file: page/admin.php
#0 D:\xampp\htdocs\tucil\TucilWeb\vendor\codeigniter4\framework\system\View\View.php(228): CodeIgniter\Exceptions\FrameworkException::forInvalidFile('page/admin.php')
#1 D:\xampp\htdocs\tucil\TucilWeb\vendor\codeigniter4\framework\system\Common.php(1119): CodeIgniter\View\View->render('page/admin', Array, true)
#2 D:\xampp\htdocs\tucil\TucilWeb\app\Controllers\Page.php(24): view('page/admin')
#3 D:\xampp\htdocs\tucil\TucilWeb\vendor\codeigniter4\framework\system\CodeIgniter.php(918): App\Controllers\Page->admin()
#4 D:\xampp\htdocs\tucil\TucilWeb\vendor\codeigniter4\framework\system\CodeIgniter.php(404): CodeIgniter\CodeIgniter->runController(Object(App\Controllers\Page))
#5 D:\xampp\htdocs\tucil\TucilWeb\vendor\codeigniter4\framework\system\CodeIgniter.php(312): CodeIgniter\CodeIgniter->handleRequest(NULL, Object(Config\Cache), false)
#6 D:\xampp\htdocs\tucil\TucilWeb\public\index.php(45): CodeIgniter\CodeIgniter->run()
#7 D:\xampp\htdocs\tucil\TucilWeb\vendor\codeigniter4\framework\system\Commands\Server\rewrite.php(34): require_once('D:\\xampp\\htdocs...')
#8 {main}
CRITICAL - 2020-11-21 05:14:35 --> Invalid file: page/admin.php
#0 D:\xampp\htdocs\tucil\TucilWeb\vendor\codeigniter4\framework\system\View\View.php(228): CodeIgniter\Exceptions\FrameworkException::forInvalidFile('page/admin.php')
#1 D:\xampp\htdocs\tucil\TucilWeb\vendor\codeigniter4\framework\system\Common.php(1119): CodeIgniter\View\View->render('page/admin', Array, true)
#2 D:\xampp\htdocs\tucil\TucilWeb\app\Controllers\Page.php(24): view('page/admin')
#3 D:\xampp\htdocs\tucil\TucilWeb\vendor\codeigniter4\framework\system\CodeIgniter.php(918): App\Controllers\Page->admin()
#4 D:\xampp\htdocs\tucil\TucilWeb\vendor\codeigniter4\framework\system\CodeIgniter.php(404): CodeIgniter\CodeIgniter->runController(Object(App\Controllers\Page))
#5 D:\xampp\htdocs\tucil\TucilWeb\vendor\codeigniter4\framework\system\CodeIgniter.php(312): CodeIgniter\CodeIgniter->handleRequest(NULL, Object(Config\Cache), false)
#6 D:\xampp\htdocs\tucil\TucilWeb\public\index.php(45): CodeIgniter\CodeIgniter->run()
#7 D:\xampp\htdocs\tucil\TucilWeb\vendor\codeigniter4\framework\system\Commands\Server\rewrite.php(34): require_once('D:\\xampp\\htdocs...')
#8 {main}
CRITICAL - 2020-11-21 05:14:37 --> Invalid file: page/admin.php
#0 D:\xampp\htdocs\tucil\TucilWeb\vendor\codeigniter4\framework\system\View\View.php(228): CodeIgniter\Exceptions\FrameworkException::forInvalidFile('page/admin.php')
#1 D:\xampp\htdocs\tucil\TucilWeb\vendor\codeigniter4\framework\system\Common.php(1119): CodeIgniter\View\View->render('page/admin', Array, true)
#2 D:\xampp\htdocs\tucil\TucilWeb\app\Controllers\Page.php(24): view('page/admin')
#3 D:\xampp\htdocs\tucil\TucilWeb\vendor\codeigniter4\framework\system\CodeIgniter.php(918): App\Controllers\Page->admin()
#4 D:\xampp\htdocs\tucil\TucilWeb\vendor\codeigniter4\framework\system\CodeIgniter.php(404): CodeIgniter\CodeIgniter->runController(Object(App\Controllers\Page))
#5 D:\xampp\htdocs\tucil\TucilWeb\vendor\codeigniter4\framework\system\CodeIgniter.php(312): CodeIgniter\CodeIgniter->handleRequest(NULL, Object(Config\Cache), false)
#6 D:\xampp\htdocs\tucil\TucilWeb\public\index.php(45): CodeIgniter\CodeIgniter->run()
#7 D:\xampp\htdocs\tucil\TucilWeb\vendor\codeigniter4\framework\system\Commands\Server\rewrite.php(34): require_once('D:\\xampp\\htdocs...')
#8 {main}
CRITICAL - 2020-11-21 05:14:38 --> Invalid file: page/admin.php
#0 D:\xampp\htdocs\tucil\TucilWeb\vendor\codeigniter4\framework\system\View\View.php(228): CodeIgniter\Exceptions\FrameworkException::forInvalidFile('page/admin.php')
#1 D:\xampp\htdocs\tucil\TucilWeb\vendor\codeigniter4\framework\system\Common.php(1119): CodeIgniter\View\View->render('page/admin', Array, true)
#2 D:\xampp\htdocs\tucil\TucilWeb\app\Controllers\Page.php(24): view('page/admin')
#3 D:\xampp\htdocs\tucil\TucilWeb\vendor\codeigniter4\framework\system\CodeIgniter.php(918): App\Controllers\Page->admin()
#4 D:\xampp\htdocs\tucil\TucilWeb\vendor\codeigniter4\framework\system\CodeIgniter.php(404): CodeIgniter\CodeIgniter->runController(Object(App\Controllers\Page))
#5 D:\xampp\htdocs\tucil\TucilWeb\vendor\codeigniter4\framework\system\CodeIgniter.php(312): CodeIgniter\CodeIgniter->handleRequest(NULL, Object(Config\Cache), false)
#6 D:\xampp\htdocs\tucil\TucilWeb\public\index.php(45): CodeIgniter\CodeIgniter->run()
#7 D:\xampp\htdocs\tucil\TucilWeb\vendor\codeigniter4\framework\system\Commands\Server\rewrite.php(34): require_once('D:\\xampp\\htdocs...')
#8 {main}
CRITICAL - 2020-11-21 05:19:36 --> Invalid file: page/admin.php
#0 D:\xampp\htdocs\tucil\TucilWeb\vendor\codeigniter4\framework\system\View\View.php(228): CodeIgniter\Exceptions\FrameworkException::forInvalidFile('page/admin.php')
#1 D:\xampp\htdocs\tucil\TucilWeb\vendor\codeigniter4\framework\system\Common.php(1119): CodeIgniter\View\View->render('page/admin', Array, true)
#2 D:\xampp\htdocs\tucil\TucilWeb\app\Controllers\Page.php(24): view('page/admin')
#3 D:\xampp\htdocs\tucil\TucilWeb\vendor\codeigniter4\framework\system\CodeIgniter.php(918): App\Controllers\Page->admin()
#4 D:\xampp\htdocs\tucil\TucilWeb\vendor\codeigniter4\framework\system\CodeIgniter.php(404): CodeIgniter\CodeIgniter->runController(Object(App\Controllers\Page))
#5 D:\xampp\htdocs\tucil\TucilWeb\vendor\codeigniter4\framework\system\CodeIgniter.php(312): CodeIgniter\CodeIgniter->handleRequest(NULL, Object(Config\Cache), false)
#6 D:\xampp\htdocs\tucil\TucilWeb\public\index.php(45): CodeIgniter\CodeIgniter->run()
#7 D:\xampp\htdocs\tucil\TucilWeb\vendor\codeigniter4\framework\system\Commands\Server\rewrite.php(34): require_once('D:\\xampp\\htdocs...')
#8 {main}
CRITICAL - 2020-11-21 05:20:12 --> Invalid file: page/admin.php
#0 D:\xampp\htdocs\tucil\TucilWeb\vendor\codeigniter4\framework\system\View\View.php(228): CodeIgniter\Exceptions\FrameworkException::forInvalidFile('page/admin.php')
#1 D:\xampp\htdocs\tucil\TucilWeb\vendor\codeigniter4\framework\system\Common.php(1119): CodeIgniter\View\View->render('page/admin', Array, true)
#2 D:\xampp\htdocs\tucil\TucilWeb\app\Controllers\Page.php(24): view('page/admin')
#3 D:\xampp\htdocs\tucil\TucilWeb\vendor\codeigniter4\framework\system\CodeIgniter.php(918): App\Controllers\Page->admin('content')
#4 D:\xampp\htdocs\tucil\TucilWeb\vendor\codeigniter4\framework\system\CodeIgniter.php(404): CodeIgniter\CodeIgniter->runController(Object(App\Controllers\Page))
#5 D:\xampp\htdocs\tucil\TucilWeb\vendor\codeigniter4\framework\system\CodeIgniter.php(312): CodeIgniter\CodeIgniter->handleRequest(NULL, Object(Config\Cache), false)
#6 D:\xampp\htdocs\tucil\TucilWeb\public\index.php(45): CodeIgniter\CodeIgniter->run()
#7 D:\xampp\htdocs\tucil\TucilWeb\vendor\codeigniter4\framework\system\Commands\Server\rewrite.php(34): require_once('D:\\xampp\\htdocs...')
#8 {main}
CRITICAL - 2020-11-21 05:20:24 --> Invalid file: page/admin.php
#0 D:\xampp\htdocs\tucil\TucilWeb\vendor\codeigniter4\framework\system\View\View.php(228): CodeIgniter\Exceptions\FrameworkException::forInvalidFile('page/admin.php')
#1 D:\xampp\htdocs\tucil\TucilWeb\vendor\codeigniter4\framework\system\Common.php(1119): CodeIgniter\View\View->render('page/admin', Array, true)
#2 D:\xampp\htdocs\tucil\TucilWeb\app\Controllers\Page.php(24): view('page/admin')
#3 D:\xampp\htdocs\tucil\TucilWeb\vendor\codeigniter4\framework\system\CodeIgniter.php(918): App\Controllers\Page->admin('admin')
#4 D:\xampp\htdocs\tucil\TucilWeb\vendor\codeigniter4\framework\system\CodeIgniter.php(404): CodeIgniter\CodeIgniter->runController(Object(App\Controllers\Page))
#5 D:\xampp\htdocs\tucil\TucilWeb\vendor\codeigniter4\framework\system\CodeIgniter.php(312): CodeIgniter\CodeIgniter->handleRequest(NULL, Object(Config\Cache), false)
#6 D:\xampp\htdocs\tucil\TucilWeb\public\index.php(45): CodeIgniter\CodeIgniter->run()
#7 D:\xampp\htdocs\tucil\TucilWeb\vendor\codeigniter4\framework\system\Commands\Server\rewrite.php(34): require_once('D:\\xampp\\htdocs...')
#8 {main}
CRITICAL - 2020-11-21 05:20:28 --> Invalid file: page/admin.php
#0 D:\xampp\htdocs\tucil\TucilWeb\vendor\codeigniter4\framework\system\View\View.php(228): CodeIgniter\Exceptions\FrameworkException::forInvalidFile('page/admin.php')
#1 D:\xampp\htdocs\tucil\TucilWeb\vendor\codeigniter4\framework\system\Common.php(1119): CodeIgniter\View\View->render('page/admin', Array, true)
#2 D:\xampp\htdocs\tucil\TucilWeb\app\Controllers\Page.php(24): view('page/admin')
#3 D:\xampp\htdocs\tucil\TucilWeb\vendor\codeigniter4\framework\system\CodeIgniter.php(918): App\Controllers\Page->admin('admin')
#4 D:\xampp\htdocs\tucil\TucilWeb\vendor\codeigniter4\framework\system\CodeIgniter.php(404): CodeIgniter\CodeIgniter->runController(Object(App\Controllers\Page))
#5 D:\xampp\htdocs\tucil\TucilWeb\vendor\codeigniter4\framework\system\CodeIgniter.php(312): CodeIgniter\CodeIgniter->handleRequest(NULL, Object(Config\Cache), false)
#6 D:\xampp\htdocs\tucil\TucilWeb\public\index.php(45): CodeIgniter\CodeIgniter->run()
#7 D:\xampp\htdocs\tucil\TucilWeb\vendor\codeigniter4\framework\system\Commands\Server\rewrite.php(34): require_once('D:\\xampp\\htdocs...')
#8 {main}
CRITICAL - 2020-11-21 05:20:34 --> Invalid file: page/admin.php
#0 D:\xampp\htdocs\tucil\TucilWeb\vendor\codeigniter4\framework\system\View\View.php(228): CodeIgniter\Exceptions\FrameworkException::forInvalidFile('page/admin.php')
#1 D:\xampp\htdocs\tucil\TucilWeb\vendor\codeigniter4\framework\system\Common.php(1119): CodeIgniter\View\View->render('page/admin', Array, true)
#2 D:\xampp\htdocs\tucil\TucilWeb\app\Controllers\Page.php(24): view('page/admin')
#3 D:\xampp\htdocs\tucil\TucilWeb\vendor\codeigniter4\framework\system\CodeIgniter.php(918): App\Controllers\Page->admin('content')
#4 D:\xampp\htdocs\tucil\TucilWeb\vendor\codeigniter4\framework\system\CodeIgniter.php(404): CodeIgniter\CodeIgniter->runController(Object(App\Controllers\Page))
#5 D:\xampp\htdocs\tucil\TucilWeb\vendor\codeigniter4\framework\system\CodeIgniter.php(312): CodeIgniter\CodeIgniter->handleRequest(NULL, Object(Config\Cache), false)
#6 D:\xampp\htdocs\tucil\TucilWeb\public\index.php(45): CodeIgniter\CodeIgniter->run()
#7 D:\xampp\htdocs\tucil\TucilWeb\vendor\codeigniter4\framework\system\Commands\Server\rewrite.php(34): require_once('D:\\xampp\\htdocs...')
#8 {main}
CRITICAL - 2020-11-21 05:20:39 --> Invalid file: page/admin.php
#0 D:\xampp\htdocs\tucil\TucilWeb\vendor\codeigniter4\framework\system\View\View.php(228): CodeIgniter\Exceptions\FrameworkException::forInvalidFile('page/admin.php')
#1 D:\xampp\htdocs\tucil\TucilWeb\vendor\codeigniter4\framework\system\Common.php(1119): CodeIgniter\View\View->render('page/admin', Array, true)
#2 D:\xampp\htdocs\tucil\TucilWeb\app\Controllers\Page.php(24): view('page/admin')
#3 D:\xampp\htdocs\tucil\TucilWeb\vendor\codeigniter4\framework\system\CodeIgniter.php(918): App\Controllers\Page->admin('header')
#4 D:\xampp\htdocs\tucil\TucilWeb\vendor\codeigniter4\framework\system\CodeIgniter.php(404): CodeIgniter\CodeIgniter->runController(Object(App\Controllers\Page))
#5 D:\xampp\htdocs\tucil\TucilWeb\vendor\codeigniter4\framework\system\CodeIgniter.php(312): CodeIgniter\CodeIgniter->handleRequest(NULL, Object(Config\Cache), false)
#6 D:\xampp\htdocs\tucil\TucilWeb\public\index.php(45): CodeIgniter\CodeIgniter->run()
#7 D:\xampp\htdocs\tucil\TucilWeb\vendor\codeigniter4\framework\system\Commands\Server\rewrite.php(34): require_once('D:\\xampp\\htdocs...')
#8 {main}
CRITICAL - 2020-11-21 06:48:41 --> Invalid file: page/content.php
#0 D:\xampp\htdocs\tucil\TucilWeb\vendor\codeigniter4\framework\system\View\View.php(228): CodeIgniter\Exceptions\FrameworkException::forInvalidFile('page/content.ph...')
#1 D:\xampp\htdocs\tucil\TucilWeb\vendor\codeigniter4\framework\system\Common.php(1119): CodeIgniter\View\View->render('page/content', Array, true)
#2 D:\xampp\htdocs\tucil\TucilWeb\app\Controllers\Page.php(24): view('page/content')
#3 D:\xampp\htdocs\tucil\TucilWeb\vendor\codeigniter4\framework\system\CodeIgniter.php(918): App\Controllers\Page->content()
#4 D:\xampp\htdocs\tucil\TucilWeb\vendor\codeigniter4\framework\system\CodeIgniter.php(404): CodeIgniter\CodeIgniter->runController(Object(App\Controllers\Page))
#5 D:\xampp\htdocs\tucil\TucilWeb\vendor\codeigniter4\framework\system\CodeIgniter.php(312): CodeIgniter\CodeIgniter->handleRequest(NULL, Object(Config\Cache), false)
#6 D:\xampp\htdocs\tucil\TucilWeb\public\index.php(45): CodeIgniter\CodeIgniter->run()
#7 D:\xampp\htdocs\tucil\TucilWeb\vendor\codeigniter4\framework\system\Commands\Server\rewrite.php(34): require_once('D:\\xampp\\htdocs...')
#8 {main}
CRITICAL - 2020-11-21 06:48:50 --> Invalid file: page/content.php
#0 D:\xampp\htdocs\tucil\TucilWeb\vendor\codeigniter4\framework\system\View\View.php(228): CodeIgniter\Exceptions\FrameworkException::forInvalidFile('page/content.ph...')
#1 D:\xampp\htdocs\tucil\TucilWeb\vendor\codeigniter4\framework\system\Common.php(1119): CodeIgniter\View\View->render('page/content', Array, true)
#2 D:\xampp\htdocs\tucil\TucilWeb\app\Controllers\Page.php(24): view('page/content')
#3 D:\xampp\htdocs\tucil\TucilWeb\vendor\codeigniter4\framework\system\CodeIgniter.php(918): App\Controllers\Page->content()
#4 D:\xampp\htdocs\tucil\TucilWeb\vendor\codeigniter4\framework\system\CodeIgniter.php(404): CodeIgniter\CodeIgniter->runController(Object(App\Controllers\Page))
#5 D:\xampp\htdocs\tucil\TucilWeb\vendor\codeigniter4\framework\system\CodeIgniter.php(312): CodeIgniter\CodeIgniter->handleRequest(NULL, Object(Config\Cache), false)
#6 D:\xampp\htdocs\tucil\TucilWeb\public\index.php(45): CodeIgniter\CodeIgniter->run()
#7 D:\xampp\htdocs\tucil\TucilWeb\vendor\codeigniter4\framework\system\Commands\Server\rewrite.php(34): require_once('D:\\xampp\\htdocs...')
#8 {main}
CRITICAL - 2020-11-21 06:48:54 --> Invalid file: page/content.php
#0 D:\xampp\htdocs\tucil\TucilWeb\vendor\codeigniter4\framework\system\View\View.php(228): CodeIgniter\Exceptions\FrameworkException::forInvalidFile('page/content.ph...')
#1 D:\xampp\htdocs\tucil\TucilWeb\vendor\codeigniter4\framework\system\Common.php(1119): CodeIgniter\View\View->render('page/content', Array, true)
#2 D:\xampp\htdocs\tucil\TucilWeb\app\Controllers\Page.php(24): view('page/content')
#3 D:\xampp\htdocs\tucil\TucilWeb\vendor\codeigniter4\framework\system\CodeIgniter.php(918): App\Controllers\Page->content()
#4 D:\xampp\htdocs\tucil\TucilWeb\vendor\codeigniter4\framework\system\CodeIgniter.php(404): CodeIgniter\CodeIgniter->runController(Object(App\Controllers\Page))
#5 D:\xampp\htdocs\tucil\TucilWeb\vendor\codeigniter4\framework\system\CodeIgniter.php(312): CodeIgniter\CodeIgniter->handleRequest(NULL, Object(Config\Cache), false)
#6 D:\xampp\htdocs\tucil\TucilWeb\public\index.php(45): CodeIgniter\CodeIgniter->run()
#7 D:\xampp\htdocs\tucil\TucilWeb\vendor\codeigniter4\framework\system\Commands\Server\rewrite.php(34): require_once('D:\\xampp\\htdocs...')
#8 {main}
CRITICAL - 2020-11-21 06:49:46 --> Invalid file: page/content.php
#0 D:\xampp\htdocs\tucil\TucilWeb\vendor\codeigniter4\framework\system\View\View.php(228): CodeIgniter\Exceptions\FrameworkException::forInvalidFile('page/content.ph...')
#1 D:\xampp\htdocs\tucil\TucilWeb\vendor\codeigniter4\framework\system\Common.php(1119): CodeIgniter\View\View->render('page/content', Array, true)
#2 D:\xampp\htdocs\tucil\TucilWeb\app\Controllers\Page.php(24): view('page/content')
#3 D:\xampp\htdocs\tucil\TucilWeb\vendor\codeigniter4\framework\system\CodeIgniter.php(918): App\Controllers\Page->content()
#4 D:\xampp\htdocs\tucil\TucilWeb\vendor\codeigniter4\framework\system\CodeIgniter.php(404): CodeIgniter\CodeIgniter->runController(Object(App\Controllers\Page))
#5 D:\xampp\htdocs\tucil\TucilWeb\vendor\codeigniter4\framework\system\CodeIgniter.php(312): CodeIgniter\CodeIgniter->handleRequest(NULL, Object(Config\Cache), false)
#6 D:\xampp\htdocs\tucil\TucilWeb\public\index.php(45): CodeIgniter\CodeIgniter->run()
#7 D:\xampp\htdocs\tucil\TucilWeb\vendor\codeigniter4\framework\system\Commands\Server\rewrite.php(34): require_once('D:\\xampp\\htdocs...')
#8 {main}
CRITICAL - 2020-11-21 07:05:17 --> Invalid file: admin/content.php
#0 D:\xampp\htdocs\tucil\TucilWeb\vendor\codeigniter4\framework\system\View\View.php(228): CodeIgniter\Exceptions\FrameworkException::forInvalidFile('admin/content.p...')
#1 D:\xampp\htdocs\tucil\TucilWeb\vendor\codeigniter4\framework\system\Common.php(1119): CodeIgniter\View\View->render('admin/content', Array, true)
#2 D:\xampp\htdocs\tucil\TucilWeb\app\Controllers\Page.php(24): view('admin/content')
#3 D:\xampp\htdocs\tucil\TucilWeb\vendor\codeigniter4\framework\system\CodeIgniter.php(918): App\Controllers\Page->content()
#4 D:\xampp\htdocs\tucil\TucilWeb\vendor\codeigniter4\framework\system\CodeIgniter.php(404): CodeIgniter\CodeIgniter->runController(Object(App\Controllers\Page))
#5 D:\xampp\htdocs\tucil\TucilWeb\vendor\codeigniter4\framework\system\CodeIgniter.php(312): CodeIgniter\CodeIgniter->handleRequest(NULL, Object(Config\Cache), false)
#6 D:\xampp\htdocs\tucil\TucilWeb\public\index.php(45): CodeIgniter\CodeIgniter->run()
#7 D:\xampp\htdocs\tucil\TucilWeb\vendor\codeigniter4\framework\system\Commands\Server\rewrite.php(34): require_once('D:\\xampp\\htdocs...')
#8 {main}
